error: could not open plugin directory: /usr/lib64/zathura
error: Found no plugins. Please install at least one plugin.
error: Could not determine file type.
error: Could not determine file type.
QSocketNotifier: Can only be used with threads started with QThread
kf.windowsystem: Could not find any platform plugin
QWidget::setMinimumSize: (okular_sidebar/Sidebar) Negative sizes (0,-1) are not possible
qt.qpa.wayland: setGrabPopup called with a parent, QtWaylandClient::QWaylandXdgSurface(0x55c4cadcb440) which does not match the current topmost grabbing popup, QtWaylandClient::QWaylandXdgSurface(0x55c4cb09bea0) According to the xdg-shell protocol, this is not allowed. The wayland QPA plugin is currently handling it by setting the parent to the topmost grabbing popup. Note, however, that this may cause positioning errors and popups closing unxpectedly because xdg-shell mandate that child popups close before parents
qt.qpa.wayland: Wayland does not support QWindow::requestActivate()
qt.qpa.wayland: Wayland does not support QWindow::requestActivate()
qt.qpa.wayland: Wayland does not support QWindow::requestActivate()
qt.qpa.wayland: Wayland does not support QWindow::requestActivate()
qt.qpa.wayland: setGrabPopup called with a parent, QtWaylandClient::QWaylandXdgSurface(0x55c4cadcb440) which does not match the current topmost grabbing popup, QtWaylandClient::QWaylandXdgSurface(0x55c4ca61f7b0) According to the xdg-shell protocol, this is not allowed. The wayland QPA plugin is currently handling it by setting the parent to the topmost grabbing popup. Note, however, that this may cause positioning errors and popups closing unxpectedly because xdg-shell mandate that child popups close before parents
qt.qpa.wayland: setGrabPopup called with a parent, QtWaylandClient::QWaylandXdgSurface(0x55c4cadcb440) which does not match the current topmost grabbing popup, QtWaylandClient::QWaylandXdgSurface(0x55c4ca61f7b0) According to the xdg-shell protocol, this is not allowed. The wayland QPA plugin is currently handling it by setting the parent to the topmost grabbing popup. Note, however, that this may cause positioning errors and popups closing unxpectedly because xdg-shell mandate that child popups close before parents
qt.qpa.wayland: Wayland does not support QWindow::requestActivate()
qt.qpa.wayland: Wayland does not support QWindow::requestActivate()
qt.qpa.wayland: Wayland does not support QWindow::requestActivate()
qt.qpa.wayland: Wayland does not support QWindow::requestActivate()
qt.qpa.wayland: Wayland does not support QWindow::requestActivate()
qt.qpa.wayland: Wayland does not support QWindow::requestActivate()
qt.qpa.wayland: Wayland does not support QWindow::requestActivate()
qt.qpa.wayland: Wayland does not support QWindow::requestActivate()
qt.qpa.wayland: Wayland does not support QWindow::requestActivate()
qt.qpa.wayland: Wayland does not support QWindow::requestActivate()
qt.qpa.wayland: Wayland does not support QWindow::requestActivate()
qt.qpa.wayland: Wayland does not support QWindow::requestActivate()
qt.qpa.wayland: Wayland does not support QWindow::requestActivate()
qt.qpa.wayland: Wayland does not support QWindow::requestActivate()
qt.qpa.wayland: Wayland does not support QWindow::requestActivate()
qt.qpa.wayland: Wayland does not support QWindow::requestActivate()
qt.qpa.wayland: Wayland does not support QWindow::requestActivate()
qt.qpa.wayland: Wayland does not support QWindow::requestActivate()
qt.qpa.wayland: Wayland does not support QWindow::requestActivate()
qt.qpa.wayland: Wayland does not support QWindow::requestActivate()
qt.qpa.wayland: Wayland does not support QWindow::requestActivate()
qt.qpa.wayland: Wayland does not support QWindow::requestActivate()
qt.qpa.wayland: Wayland does not support QWindow::requestActivate()
qt.qpa.wayland: Wayland does not support QWindow::requestActivate()
qt.qpa.wayland: Wayland does not support QWindow::requestActivate()
qt.qpa.wayland: Wayland does not support QWindow::requestActivate()
qt.qpa.wayland: Wayland does not support QWindow::requestActivate()
qt.qpa.wayland: Wayland does not support QWindow::requestActivate()
qt.qpa.wayland: Wayland does not support QWindow::requestActivate()
qt.qpa.wayland: Wayland does not support QWindow::requestActivate()
qt.qpa.wayland: Wayland does not support QWindow::requestActivate()
warning: premature end of data in flate filter
warning: Not a valid shortcut function: feedkey
error: Unable to load CSS: <data>:5:15Expected a string.
